0 info it worked if it ends with ok
1 verbose cli [ '/nix/store/a5ibcbcsm473kdr75kj4gpsr28ndnknp-nodejs-0.10.26/bin/node',
1 verbose cli   '/mnt/shared/sbin/npm',
1 verbose cli   'install',
1 verbose cli   '-g',
1 verbose cli   'karma-cli' ]
2 info using npm@1.4.3
3 info using node@v0.10.28
4 verbose cache add [ 'karma-cli', null ]
5 verbose cache add name=undefined spec="karma-cli" args=["karma-cli",null]
6 verbose parsed url { protocol: null,
6 verbose parsed url   slashes: null,
6 verbose parsed url   auth: null,
6 verbose parsed url   host: null,
6 verbose parsed url   port: null,
6 verbose parsed url   hostname: null,
6 verbose parsed url   hash: null,
6 verbose parsed url   search: null,
6 verbose parsed url   query: null,
6 verbose parsed url   pathname: 'karma-cli',
6 verbose parsed url   path: 'karma-cli',
6 verbose parsed url   href: 'karma-cli' }
7 silly lockFile aa100f68-karma-cli karma-cli
8 verbose lock karma-cli /home/ubuntu/.npm/aa100f68-karma-cli.lock
9 silly lockFile aa100f68-karma-cli karma-cli
10 silly lockFile aa100f68-karma-cli karma-cli
11 verbose addNamed [ 'karma-cli', '' ]
12 verbose addNamed [ null, '*' ]
13 silly lockFile 8f6f2c72-karma-cli karma-cli@
14 verbose lock karma-cli@ /home/ubuntu/.npm/8f6f2c72-karma-cli.lock
15 silly addNameRange { name: 'karma-cli', range: '*', hasData: false }
16 verbose url raw karma-cli
17 verbose url resolving [ 'https://registry.npmjs.org/', './karma-cli' ]
18 verbose url resolved https://registry.npmjs.org/karma-cli
19 info trying registry request attempt 1 at 16:14:59
20 http GET https://registry.npmjs.org/karma-cli
21 http 200 https://registry.npmjs.org/karma-cli
22 silly registry.get cb [ 200,
22 silly registry.get   { server: 'CouchDB/1.5.0 (Erlang OTP/R16B03)',
22 silly registry.get     etag: '"C2H6UCYFAHOAA1M5P72B7L2ED"',
22 silly registry.get     'content-type': 'application/json',
22 silly registry.get     'cache-control': 'max-age=60',
22 silly registry.get     'content-length': '10952',
22 silly registry.get     'accept-ranges': 'bytes',
22 silly registry.get     date: 'Thu, 22 Oct 2015 16:14:59 GMT',
22 silly registry.get     via: '1.1 varnish',
22 silly registry.get     age: '0',
22 silly registry.get     connection: 'keep-alive',
22 silly registry.get     'x-served-by': 'cache-lcy1135-LCY',
22 silly registry.get     'x-cache': 'HIT',
22 silly registry.get     'x-cache-hits': '1',
22 silly registry.get     'x-timer': 'S1445530499.240096,VS0,VE97',
22 silly registry.get     vary: 'Accept' } ]
23 silly addNameRange number 2 { name: 'karma-cli', range: '*', hasData: true }
24 silly addNameRange versions [ 'karma-cli',
24 silly addNameRange   [ '0.0.1', '0.0.2', '0.0.3', '0.0.4', '0.1.0', '0.1.1' ] ]
25 verbose addNamed [ 'karma-cli', '0.1.1' ]
26 verbose addNamed [ '0.1.1', '0.1.1' ]
27 silly lockFile 135d1b51-karma-cli-0-1-1 karma-cli@0.1.1
28 verbose lock karma-cli@0.1.1 /home/ubuntu/.npm/135d1b51-karma-cli-0-1-1.lock
29 silly lockFile 9cb916ab-rg-karma-cli-karma-cli-0-1-1-tgz https://registry.npmjs.org/karma-cli/-/karma-cli-0.1.1.tgz
30 verbose lock https://registry.npmjs.org/karma-cli/-/karma-cli-0.1.1.tgz /home/ubuntu/.npm/9cb916ab-rg-karma-cli-karma-cli-0-1-1-tgz.lock
31 verbose addRemoteTarball [ 'https://registry.npmjs.org/karma-cli/-/karma-cli-0.1.1.tgz',
31 verbose addRemoteTarball   'd097c6e50a825007a63d0ade7cd18e1645afc294' ]
32 info retry fetch attempt 1 at 16:14:59
33 verbose fetch to= /home/ubuntu/tmp/npm-16598-Gh9MlKkv/1445530499360-0.0616402227897197/tmp.tgz
34 http GET https://registry.npmjs.org/karma-cli/-/karma-cli-0.1.1.tgz
35 http 200 https://registry.npmjs.org/karma-cli/-/karma-cli-0.1.1.tgz
36 verbose tar unpack /home/ubuntu/tmp/npm-16598-Gh9MlKkv/1445530499360-0.0616402227897197/tmp.tgz
37 silly lockFile e072245c-99360-0-0616402227897197-package tar:///home/ubuntu/tmp/npm-16598-Gh9MlKkv/1445530499360-0.0616402227897197/package
38 verbose lock tar:///home/ubuntu/tmp/npm-16598-Gh9MlKkv/1445530499360-0.0616402227897197/package /home/ubuntu/.npm/e072245c-99360-0-0616402227897197-package.lock
39 silly lockFile 7c570610-99360-0-0616402227897197-tmp-tgz tar:///home/ubuntu/tmp/npm-16598-Gh9MlKkv/1445530499360-0.0616402227897197/tmp.tgz
40 verbose lock tar:///home/ubuntu/tmp/npm-16598-Gh9MlKkv/1445530499360-0.0616402227897197/tmp.tgz /home/ubuntu/.npm/7c570610-99360-0-0616402227897197-tmp-tgz.lock
41 silly gunzTarPerm modes [ '755', '644' ]
42 silly gunzTarPerm extractEntry package.json
43 silly gunzTarPerm extractEntry README.md
44 silly gunzTarPerm extractEntry LICENSE
45 silly gunzTarPerm extractEntry gruntfile.js
46 silly gunzTarPerm extractEntry CHANGELOG.md
47 silly gunzTarPerm extractEntry bin/karma
48 silly gunzTarPerm extractEntry lib/log.js
49 silly lockFile e072245c-99360-0-0616402227897197-package tar:///home/ubuntu/tmp/npm-16598-Gh9MlKkv/1445530499360-0.0616402227897197/package
50 silly lockFile e072245c-99360-0-0616402227897197-package tar:///home/ubuntu/tmp/npm-16598-Gh9MlKkv/1445530499360-0.0616402227897197/package
51 silly lockFile 7c570610-99360-0-0616402227897197-tmp-tgz tar:///home/ubuntu/tmp/npm-16598-Gh9MlKkv/1445530499360-0.0616402227897197/tmp.tgz
52 silly lockFile 7c570610-99360-0-0616402227897197-tmp-tgz tar:///home/ubuntu/tmp/npm-16598-Gh9MlKkv/1445530499360-0.0616402227897197/tmp.tgz
53 verbose tar pack [ '/home/ubuntu/.npm/karma-cli/0.1.1/package.tgz',
53 verbose tar pack   '/home/ubuntu/tmp/npm-16598-Gh9MlKkv/1445530499360-0.0616402227897197/package' ]
54 verbose tarball /home/ubuntu/.npm/karma-cli/0.1.1/package.tgz
55 verbose folder /home/ubuntu/tmp/npm-16598-Gh9MlKkv/1445530499360-0.0616402227897197/package
56 silly lockFile e072245c-99360-0-0616402227897197-package tar:///home/ubuntu/tmp/npm-16598-Gh9MlKkv/1445530499360-0.0616402227897197/package
57 verbose lock tar:///home/ubuntu/tmp/npm-16598-Gh9MlKkv/1445530499360-0.0616402227897197/package /home/ubuntu/.npm/e072245c-99360-0-0616402227897197-package.lock
58 silly lockFile 35414462--npm-karma-cli-0-1-1-package-tgz tar:///home/ubuntu/.npm/karma-cli/0.1.1/package.tgz
59 verbose lock tar:///home/ubuntu/.npm/karma-cli/0.1.1/package.tgz /home/ubuntu/.npm/35414462--npm-karma-cli-0-1-1-package-tgz.lock
60 silly lockFile e072245c-99360-0-0616402227897197-package tar:///home/ubuntu/tmp/npm-16598-Gh9MlKkv/1445530499360-0.0616402227897197/package
61 silly lockFile e072245c-99360-0-0616402227897197-package tar:///home/ubuntu/tmp/npm-16598-Gh9MlKkv/1445530499360-0.0616402227897197/package
62 silly lockFile 35414462--npm-karma-cli-0-1-1-package-tgz tar:///home/ubuntu/.npm/karma-cli/0.1.1/package.tgz
63 silly lockFile 35414462--npm-karma-cli-0-1-1-package-tgz tar:///home/ubuntu/.npm/karma-cli/0.1.1/package.tgz
64 silly lockFile b249f4af-untu-npm-karma-cli-0-1-1-package /home/ubuntu/.npm/karma-cli/0.1.1/package
65 verbose lock /home/ubuntu/.npm/karma-cli/0.1.1/package /home/ubuntu/.npm/b249f4af-untu-npm-karma-cli-0-1-1-package.lock
66 silly lockFile b249f4af-untu-npm-karma-cli-0-1-1-package /home/ubuntu/.npm/karma-cli/0.1.1/package
67 silly lockFile b249f4af-untu-npm-karma-cli-0-1-1-package /home/ubuntu/.npm/karma-cli/0.1.1/package
68 verbose tar unpack /home/ubuntu/.npm/karma-cli/0.1.1/package.tgz
69 silly lockFile a207267b-untu-npm-karma-cli-0-1-1-package tar:///home/ubuntu/.npm/karma-cli/0.1.1/package
70 verbose lock tar:///home/ubuntu/.npm/karma-cli/0.1.1/package /home/ubuntu/.npm/a207267b-untu-npm-karma-cli-0-1-1-package.lock
71 silly lockFile 35414462--npm-karma-cli-0-1-1-package-tgz tar:///home/ubuntu/.npm/karma-cli/0.1.1/package.tgz
72 verbose lock tar:///home/ubuntu/.npm/karma-cli/0.1.1/package.tgz /home/ubuntu/.npm/35414462--npm-karma-cli-0-1-1-package-tgz.lock
73 silly gunzTarPerm modes [ '755', '644' ]
74 silly gunzTarPerm extractEntry package.json
75 silly gunzTarPerm extractEntry README.md
76 silly gunzTarPerm extractEntry LICENSE
77 silly gunzTarPerm extractEntry gruntfile.js
78 silly gunzTarPerm extractEntry CHANGELOG.md
79 silly gunzTarPerm extractEntry bin/karma
80 silly gunzTarPerm extractEntry lib/log.js
81 silly lockFile a207267b-untu-npm-karma-cli-0-1-1-package tar:///home/ubuntu/.npm/karma-cli/0.1.1/package
82 silly lockFile a207267b-untu-npm-karma-cli-0-1-1-package tar:///home/ubuntu/.npm/karma-cli/0.1.1/package
83 silly lockFile 35414462--npm-karma-cli-0-1-1-package-tgz tar:///home/ubuntu/.npm/karma-cli/0.1.1/package.tgz
84 silly lockFile 35414462--npm-karma-cli-0-1-1-package-tgz tar:///home/ubuntu/.npm/karma-cli/0.1.1/package.tgz
85 verbose chmod /home/ubuntu/.npm/karma-cli/0.1.1/package.tgz 644
86 verbose chown /home/ubuntu/.npm/karma-cli/0.1.1/package.tgz [ 1000, 1000 ]
87 silly lockFile 9cb916ab-rg-karma-cli-karma-cli-0-1-1-tgz https://registry.npmjs.org/karma-cli/-/karma-cli-0.1.1.tgz
88 silly lockFile 9cb916ab-rg-karma-cli-karma-cli-0-1-1-tgz https://registry.npmjs.org/karma-cli/-/karma-cli-0.1.1.tgz
89 silly lockFile 135d1b51-karma-cli-0-1-1 karma-cli@0.1.1
90 silly lockFile 135d1b51-karma-cli-0-1-1 karma-cli@0.1.1
91 silly lockFile 8f6f2c72-karma-cli karma-cli@
92 silly lockFile 8f6f2c72-karma-cli karma-cli@
93 silly resolved [ { name: 'karma-cli',
93 silly resolved     description: 'The Karma command line interface.',
93 silly resolved     homepage: 'http://karma-runner.github.io/',
93 silly resolved     repository:
93 silly resolved      { type: 'git',
93 silly resolved        url: 'git://github.com/karma-runner/karma-cli.git' },
93 silly resolved     bugs: { url: 'https://github.com/karma-runner/karma-cli/issues' },
93 silly resolved     keywords:
93 silly resolved      [ 'karma',
93 silly resolved        'spectacular',
93 silly resolved        'runner',
93 silly resolved        'karma',
93 silly resolved        'js',
93 silly resolved        'javascript',
93 silly resolved        'testing',
93 silly resolved        'test',
93 silly resolved        'remote',
93 silly resolved        'execution' ],
93 silly resolved     author: { name: 'Vojta Jína', email: 'vojta.jina@gmail.com' },
93 silly resolved     contributors:
93 silly resolved      [ [Object],
93 silly resolved        [Object],
93 silly resolved        [Object],
93 silly resolved        [Object],
93 silly resolved        [Object],
93 silly resolved        [Object],
93 silly resolved        [Object] ],
93 silly resolved     dependencies: { resolve: '^1.1.6' },
93 silly resolved     devDependencies:
93 silly resolved      { 'eslint-config-standard': '^4.4.0',
93 silly resolved        'eslint-plugin-standard': '^1.3.1',
93 silly resolved        grunt: '^0.4.1',
93 silly resolved        'grunt-bump': '^0.3.1',
93 silly resolved        'grunt-conventional-changelog': '^1.2.2',
93 silly resolved        'grunt-eslint': '^17.0.0',
93 silly resolved        'grunt-npm': '0.0.2',
93 silly resolved        'load-grunt-tasks': '^3.2.0' },
93 silly resolved     preferGlobal: true,
93 silly resolved     bin: { karma: './bin/karma' },
93 silly resolved     engines: { node: '0.10 || 0.12 || 4' },
93 silly resolved     version: '0.1.1',
93 silly resolved     license: 'MIT',
93 silly resolved     readme: '# karma-cli\n\n[![js-standard-style](https://img.shields.io/badge/code%20style-standard-brightgreen.svg?style=flat-square)](https://github.com/karma-runner/karma-cli)\n [![npm version](https://img.shields.io/npm/v/karma-cli.svg?style=flat-square)](https://www.npmjs.com/package/karma-cli) [![npm downloads](https://img.shields.io/npm/dm/karma-cli.svg?style=flat-square)](https://www.npmjs.com/package/karma-cli)\n\n[![Build Status](https://img.shields.io/travis/karma-runner/karma-cli/master.svg?style=flat-square)](https://travis-ci.org/karma-runner/karma-cli) [![Dependency Status](https://img.shields.io/david/karma-runner/karma-cli.svg?style=flat-square)](https://david-dm.org/karma-runner/karma-cli) [![devDependency Status](https://img.shields.io/david/dev/karma-runner/karma-cli.svg?style=flat-square)](https://david-dm.org/karma-runner/karma-cli#info=devDependencies)\n\n> The [Karma] command line interface.\n\nInstall this module if you wanna be able to use `karma` in your command line.\n\n[Karma]: http://karma-runner.github.io\n',
93 silly resolved     readmeFilename: 'README.md',
93 silly resolved     _id: 'karma-cli@0.1.1',
93 silly resolved     dist: { shasum: '91cd06c9a5fe9a3a9b2eb168ded52d2b3dff01e2' },
93 silly resolved     _from: 'karma-cli@',
93 silly resolved     _resolved: 'https://registry.npmjs.org/karma-cli/-/karma-cli-0.1.1.tgz' } ]
94 info install karma-cli@0.1.1 into /nix/store/a5ibcbcsm473kdr75kj4gpsr28ndnknp-nodejs-0.10.26/lib
95 info installOne karma-cli@0.1.1
96 info /nix/store/a5ibcbcsm473kdr75kj4gpsr28ndnknp-nodejs-0.10.26/lib/node_modules/karma-cli unbuild
97 info /nix/store/a5ibcbcsm473kdr75kj4gpsr28ndnknp-nodejs-0.10.26/lib/node_modules/karma-cli unbuild
98 error error rolling back Error: EROFS, unlink '/nix/store/a5ibcbcsm473kdr75kj4gpsr28ndnknp-nodejs-0.10.26/lib/node_modules/karma-cli'
98 error error rolling back  karma-cli@0.1.1 { [Error: EROFS, unlink '/nix/store/a5ibcbcsm473kdr75kj4gpsr28ndnknp-nodejs-0.10.26/lib/node_modules/karma-cli']
98 error error rolling back   errno: 56,
98 error error rolling back   code: 'EROFS',
98 error error rolling back   path: '/nix/store/a5ibcbcsm473kdr75kj4gpsr28ndnknp-nodejs-0.10.26/lib/node_modules/karma-cli' }
99 error Error: EROFS, unlink '/nix/store/a5ibcbcsm473kdr75kj4gpsr28ndnknp-nodejs-0.10.26/lib/node_modules/karma-cli'
100 error If you need help, you may report this *entire* log,
100 error including the npm and node versions, at:
100 error     <http://github.com/npm/npm/issues>
101 error System Linux 3.14.13-c9
102 error command "/nix/store/a5ibcbcsm473kdr75kj4gpsr28ndnknp-nodejs-0.10.26/bin/node" "/mnt/shared/sbin/npm" "install" "-g" "karma-cli"
103 error cwd /home/ubuntu/workspace/prct_4/conversor_temp
104 error node -v v0.10.28
105 error npm -v 1.4.3
106 error path /nix/store/a5ibcbcsm473kdr75kj4gpsr28ndnknp-nodejs-0.10.26/lib/node_modules/karma-cli
107 error code EROFS
108 error errno 56
109 verbose exit [ 56, true ]
